#
# There is insufficient memory for the Java Runtime Environment to continue.
# Native memory allocation (malloc) failed to allocate 32744 bytes for ChunkPool::allocate
# Possible reasons:
#   The system is out of physical RAM or swap space
#   The process is running with CompressedOops enabled, and the Java Heap may be blocking the growth of the native heap
# Possible solutions:
#   Reduce memory load on the system
#   Increase physical memory or swap space
#   Check if swap backing store is full
#   Decrease Java heap size (-Xmx/-Xms)
#   Decrease number of Java threads
#   Decrease Java thread stack sizes (-Xss)
#   Set larger code cache with -XX:ReservedCodeCacheSize=
#   JVM is running with Unscaled Compressed Oops mode in which the Java heap is
#     placed in the first 4GB address space. The Java Heap base address is the
#     maximum limit for the native heap growth. Please use -XX:HeapBaseMinAddress
#     to set the Java Heap base and to place the Java Heap above 4GB virtual address.
# This output file may be truncated or incomplete.
#
#  Out of Memory Error (arena.cpp:78), pid=29808, tid=19248
#
# JRE version: OpenJDK Runtime Environment JBR-17.0.7+7-1000.6-jcef (17.0.7+7) (build 17.0.7+7-b1000.6)
# Java VM: OpenJDK 64-Bit Server VM JBR-17.0.7+7-1000.6-jcef (17.0.7+7-b1000.6, mixed mode, tiered, compressed oops, compressed class ptrs, g1 gc, windows-amd64)
# No core dump will be written. Minidumps are not enabled by default on client versions of Windows
#

---------------  S U M M A R Y ------------

Command Line: -Djava.rmi.server.hostname=127.0.0.1 -Duser.timezone=UTC -Xmx2048m -Xms256m -Djna.boot.library.path=C:\Program Files\JetBrains\PyCharm 2021.3.2/lib/jna/amd64 -Djna.nosys=true -Djna.noclasspath=true -Djdbc.classpath=C:\Program Files\JetBrains\PyCharm 2021.3.2\plugins\DatabaseTools\lib\jdbc-console.jar;C:\Users\Vladimir\AppData\Roaming\JetBrains\PyCharm2023.2\jdbc-drivers\PostgreSQL\42.6.0\org\postgresql\postgresql\42.6.0\postgresql-42.6.0.jar;C:\Users\Vladimir\AppData\Roaming\JetBrains\PyCharm2023.2\jdbc-drivers\PostgreSQL\42.6.0\org\checkerframework\checker-qual\3.31.0\checker-qual-3.31.0.jar;C:\Users\Vladimir\AppData\Roaming\JetBrains\PyCharm2023.2\jdbc-drivers\PostgreSQL\42.6.0\com\github\waffle\waffle-jna\1.9.1\waffle-jna-1.9.1.jar;C:\Users\Vladimir\AppData\Roaming\JetBrains\PyCharm2023.2\jdbc-drivers\PostgreSQL\42.6.0\net\java\dev\jna\jna\4.5.1\jna-4.5.1.jar;C:\Users\Vladimir\AppData\Roaming\JetBrains\PyCharm2023.2\jdbc-drivers\PostgreSQL\42.6.0\net\java\dev\jna\jna-platform\4.5.1\jna-platform-4.5.1.jar;C:\Users\Vladimir\AppData\Roaming\JetBrains\PyCharm2023.2\jdbc-drivers\PostgreSQL\42.6.0\org\slf4j\jcl-over-slf4j\1.7.25\jcl-over-slf4j-1.7.25.jar;C:\Users\Vladimir\AppData\Roaming\JetBrains\PyCharm2023.2\jdbc-drivers\PostgreSQL\42.6.0\org\slf4j\slf4j-api\1.7.25\slf4j-api-1.7.25.jar;C:\Users\Vladimir\AppData\Roaming\JetBrains\PyCharm2023.2\jdbc-drivers\PostgreSQL\42.6.0\com\github\ben-manes\caffeine\caffeine\2.6.2\caffeine-2.6.2.jar --add-exports=java.desktop/sun.awt=ALL-UNNAMED --add-exports=java.desktop/java.awt.peer=ALL-UNNAMED --add-opens=java.desktop/java.awt=ALL-UNNAMED --add-opens=jdk.unsupported/sun.misc=ALL-UNNAMED --add-opens=java.base/java.nio=ALL-UNNAMED --add-opens=java.base/java.util=ALL-UNNAMED -Dfile.encoding=UTF-8 com.intellij.database.remote.RemoteJdbcServer org.postgresql.Driver

Host: Intel(R) Core(TM) i7-10750H CPU @ 2.60GHz, 12 cores, 23G,  Windows 10 , 64 bit Build 19041 (10.0.19041.3155)
Time: Fri Aug 11 13:31:07 2023 FLE Daylight Time elapsed time: 2.828757 seconds (0d 0h 0m 2s)

---------------  T H R E A D  ---------------

Current thread (0x00000168165ee140):  JavaThread "C2 CompilerThread1" daemon [_thread_in_native, id=19248, stack(0x0000005a07900000,0x0000005a07a00000)]


Current CompileTask:
C2:   2829 1492       4       jdk.internal.org.objectweb.asm.Frame::execute (2305 bytes)

Stack: [0x0000005a07900000,0x0000005a07a00000]
Native frames: (J=compiled Java code, j=interpreted, Vv=VM code, C=native code)
V  [jvm.dll+0x683bfa]
V  [jvm.dll+0x8430a4]
V  [jvm.dll+0x8449be]
V  [jvm.dll+0x845023]
V  [jvm.dll+0x24ad2f]
V  [jvm.dll+0xac47c]
V  [jvm.dll+0xac82c]
V  [jvm.dll+0x66211f]
V  [jvm.dll+0x7a61c]
V  [jvm.dll+0x346077]
V  [jvm.dll+0x343b0e]
V  [jvm.dll+0x555567]
V  [jvm.dll+0x564e23]
V  [jvm.dll+0x552753]
V  [jvm.dll+0x2b13a4]
V  [jvm.dll+0x69bfe5]
V  [jvm.dll+0x693fab]
V  [jvm.dll+0x6935e7]
V  [jvm.dll+0x6914e2]
V  [jvm.dll+0x1a927c]
V  [jvm.dll+0x1a9e46]
V  [jvm.dll+0x2b13a4]
V  [jvm.dll+0x69bfe5]
V  [jvm.dll+0x693fab]
V  [jvm.dll+0x6935e7]
V  [jvm.dll+0x6914e2]
V  [jvm.dll+0x1a927c]
V  [jvm.dll+0x1a9e46]
V  [jvm.dll+0x2b13a4]
V  [jvm.dll+0x69bfe5]
V  [jvm.dll+0x693fab]
V  [jvm.dll+0x6935e7]
V  [jvm.dll+0x6914e2]
V  [jvm.dll+0x1a927c]
V  [jvm.dll+0x21c238]
V  [jvm.dll+0x1a605d]
V  [jvm.dll+0x22c148]
V  [jvm.dll+0x22a209]
V  [jvm.dll+0x7f858c]
V  [jvm.dll+0x7f2aea]
V  [jvm.dll+0x682a35]
C  [ucrtbase.dll+0x21bb2]
C  [KERNEL32.DLL+0x17614]
C  [ntdll.dll+0x526b1]


---------------  P R O C E S S  ---------------

Threads class SMR info:
_java_thread_list=0x00000168176dcc10, length=25, elements={
0x00000168768d7820, 0x0000016815044b60, 0x00000168150458e0, 0x000001681504e630,
0x000001681504f3b0, 0x0000016815050de0, 0x000001687fe3c330, 0x000001687fe3e9a0,
0x000001681509b5c0, 0x000001681509c2c0, 0x000001681522e020, 0x0000016815232910,
0x00000168153f9f80, 0x00000168153fd470, 0x0000016815283810, 0x0000016815283ce0,
0x000001681568f290, 0x0000016815691810, 0x000001681583eeb0, 0x000001681583e510,
0x0000016815841530, 0x0000016815841060, 0x0000016815841a00, 0x00000168165ee140,
0x00000168165eeb60
}

Java Threads: ( => current thread )
  0x00000168768d7820 JavaThread "main" [_thread_blocked, id=30424, stack(0x0000005a04f00000,0x0000005a05000000)]
  0x0000016815044b60 JavaThread "Reference Handler" daemon [_thread_blocked, id=20180, stack(0x0000005a05600000,0x0000005a05700000)]
  0x00000168150458e0 JavaThread "Finalizer" daemon [_thread_blocked, id=14260, stack(0x0000005a05700000,0x0000005a05800000)]
  0x000001681504e630 JavaThread "Signal Dispatcher" daemon [_thread_blocked, id=16308, stack(0x0000005a05800000,0x0000005a05900000)]
  0x000001681504f3b0 JavaThread "Attach Listener" daemon [_thread_blocked, id=13668, stack(0x0000005a05900000,0x0000005a05a00000)]
  0x0000016815050de0 JavaThread "Service Thread" daemon [_thread_blocked, id=1880, stack(0x0000005a05a00000,0x0000005a05b00000)]
  0x000001687fe3c330 JavaThread "Monitor Deflation Thread" daemon [_thread_blocked, id=27460, stack(0x0000005a05b00000,0x0000005a05c00000)]
  0x000001687fe3e9a0 JavaThread "C2 CompilerThread0" daemon [_thread_in_native, id=10192, stack(0x0000005a05c00000,0x0000005a05d00000)]
  0x000001681509b5c0 JavaThread "C1 CompilerThread0" daemon [_thread_in_native, id=22204, stack(0x0000005a05d00000,0x0000005a05e00000)]
  0x000001681509c2c0 JavaThread "Sweeper thread" daemon [_thread_blocked, id=20096, stack(0x0000005a05e00000,0x0000005a05f00000)]
  0x000001681522e020 JavaThread "Common-Cleaner" daemon [_thread_blocked, id=17284, stack(0x0000005a05f00000,0x0000005a06000000)]
  0x0000016815232910 JavaThread "Notification Thread" daemon [_thread_blocked, id=27496, stack(0x0000005a06000000,0x0000005a06100000)]
  0x00000168153f9f80 JavaThread "RMI TCP Accept-31542" daemon [_thread_in_native, id=30412, stack(0x0000005a06200000,0x0000005a06300000)]
  0x00000168153fd470 JavaThread "RMI TCP Accept-0" daemon [_thread_in_native, id=30416, stack(0x0000005a06300000,0x0000005a06400000)]
  0x0000016815283810 JavaThread "RMI Reaper" [_thread_blocked, id=30708, stack(0x0000005a06400000,0x0000005a06500000)]
  0x0000016815283ce0 JavaThread "RMI GC Daemon" daemon [_thread_blocked, id=4296, stack(0x0000005a06500000,0x0000005a06600000)]
  0x000001681568f290 JavaThread "RMI TCP Connection(1)-127.0.0.1" daemon [_thread_in_native, id=30664, stack(0x0000005a06600000,0x0000005a06700000)]
  0x0000016815691810 JavaThread "RMI TCP Connection(2)-127.0.0.1" daemon [_thread_in_native, id=15540, stack(0x0000005a06700000,0x0000005a06800000)]
  0x000001681583eeb0 JavaThread "RMI TCP Connection(3)-127.0.0.1" daemon [_thread_in_native, id=4044, stack(0x0000005a06900000,0x0000005a06a00000)]
  0x000001681583e510 JavaThread "RMI Scheduler(0)" daemon [_thread_blocked, id=9296, stack(0x0000005a06a00000,0x0000005a06b00000)]
  0x0000016815841530 JavaThread "RMI TCP Connection(4)-127.0.0.1" daemon [_thread_in_vm, id=30568, stack(0x0000005a06b00000,0x0000005a06c00000)]
  0x0000016815841060 JavaThread "RMI RenewClean-[127.0.0.1:59943]" daemon [_thread_blocked, id=26788, stack(0x0000005a06c00000,0x0000005a06d00000)]
  0x0000016815841a00 JavaThread "PostgreSQL-JDBC-Cleaner" daemon [_thread_blocked, id=30672, stack(0x0000005a06f00000,0x0000005a07000000)]
=>0x00000168165ee140 JavaThread "C2 CompilerThread1" daemon [_thread_in_native, id=19248, stack(0x0000005a07900000,0x0000005a07a00000)]
  0x00000168165eeb60 JavaThread "C2 CompilerThread2" daemon [_thread_blocked, id=12356, stack(0x0000005a07a00000,0x0000005a07b00000)]

Other Threads:
  0x0000016815042040 VMThread "VM Thread" [stack: 0x0000005a05500000,0x0000005a05600000] [id=30392]
  0x00000168769593b0 WatcherThread [stack: 0x0000005a06100000,0x0000005a06200000] [id=21980]
  0x0000016876935ee0 GCTaskThread "GC Thread#0" [stack: 0x0000005a05000000,0x0000005a05100000] [id=30396]
  0x0000016816ccf680 GCTaskThread "GC Thread#1" [stack: 0x0000005a06800000,0x0000005a06900000] [id=3908]
  0x0000016815cf9010 GCTaskThread "GC Thread#2" [stack: 0x0000005a06e00000,0x0000005a06f00000] [id=24484]
  0x0000016815cf92c0 GCTaskThread "GC Thread#3" [stack: 0x0000005a07000000,0x0000005a07100000] [id=18236]
  0x0000016815cf9570 GCTaskThread "GC Thread#4" [stack: 0x0000005a07100000,0x0000005a07200000] [id=13800]
  0x0000016815cf9820 GCTaskThread "GC Thread#5" [stack: 0x0000005a07200000,0x0000005a07300000] [id=18064]
  0x000001681657cc50 GCTaskThread "GC Thread#6" [stack: 0x0000005a07300000,0x0000005a07400000] [id=28564]
  0x00000168163b5920 GCTaskThread "GC Thread#7" [stack: 0x0000005a07400000,0x0000005a07500000] [id=13156]
  0x00000168169b8d80 GCTaskThread "GC Thread#8" [stack: 0x0000005a07500000,0x0000005a07600000] [id=8140]
  0x00000168169b9030 GCTaskThread "GC Thread#9" [stack: 0x0000005a07600000,0x0000005a07700000] [id=25432]
  0x0000016876946e00 ConcurrentGCThread "G1 Main Marker" [stack: 0x0000005a05100000,0x0000005a05200000] [id=30428]
  0x0000016876947ec0 ConcurrentGCThread "G1 Conc#0" [stack: 0x0000005a05200000,0x0000005a05300000] [id=30420]
  0x000001687699e970 ConcurrentGCThread "G1 Refine#0" [stack: 0x0000005a05300000,0x0000005a05400000] [id=21364]
  0x0000016816273560 ConcurrentGCThread "G1 Refine#1" [stack: 0x0000005a07700000,0x0000005a07800000] [id=19492]
  0x0000016816207aa0 ConcurrentGCThread "G1 Refine#2" [stack: 0x0000005a07800000,0x0000005a07900000] [id=30696]
  0x000001687fcd05d0 ConcurrentGCThread "G1 Service" [stack: 0x0000005a05400000,0x0000005a05500000] [id=14872]

Threads with active compile tasks:
C1 CompilerThread0     3019 1617       3       sun.nio.ch.Util::getTemporaryDirectBuffer (55 bytes)
C2 CompilerThread1     3019 1492       4       jdk.internal.org.objectweb.asm.Frame::execute (2305 bytes)

VM state: not at safepoint (normal execution)

VM Mutex/Monitor currently owned by a thread: None

Heap address: 0x0000000080000000, size: 2048 MB, Compressed Oops mode: 32-bit

CDS archive(s) not mapped
Compressed class space mapped at: 0x0000000100000000-0x0000000140000000, reserved size: 1073741824
Narrow klass base: 0x0000000000000000, Narrow klass shift: 3, Narrow klass range: 0x140000000

GC Precious Log:
 CPUs: 12 total, 12 available
 Memory: 24392M
 Large Page Support: Disabled
 NUMA Support: Disabled
 Compressed Oops: Enabled (32-bit)
 Heap Region Size: 1M
 Heap Min Capacity: 256M
 Heap Initial Capacity: 256M
 Heap Max Capacity: 2G
 Pre-touch: Disabled
 Parallel Workers: 10
 Concurrent Workers: 3
 Concurrent Refinement Workers: 10
 Periodic GC: Disabled

Heap:
 garbage-first heap   total 262144K, used 13887K [0x0000000080000000, 0x0000000100000000)
  region size 1024K, 9 young (9216K), 3 survivors (3072K)
 Metaspace       used 19265K, committed 19520K, reserved 1114112K
  class space    used 2008K, committed 2112K, reserved 1048576K

Heap Regions: E=young(eden), S=young(survivor), O=old, HS=humongous(starts), HC=humongous(continues), CS=collection set, F=free, OA=open archive, CA=closed archive, TAMS=top-at-mark-start (previous, next)
|   0|0x0000000080000000, 0x0000000080100000, 0x0000000080100000|100%|HS|  |TAMS 0x0000000080000000, 0x0000000080000000| Complete 
|   1|0x0000000080100000, 0x0000000080200000, 0x0000000080200000|100%|HC|  |TAMS 0x0000000080100000, 0x0000000080100000| Complete 
|   2|0x0000000080200000, 0x0000000080300000, 0x0000000080300000|100%|HS|  |TAMS 0x0000000080200000, 0x0000000080200000| Complete 
|   3|0x0000000080300000, 0x0000000080400000, 0x0000000080400000|100%| O|  |TAMS 0x0000000080300000, 0x0000000080300000| Untracked 
|   4|0x0000000080400000, 0x0000000080500000, 0x0000000080500000|100%| O|  |TAMS 0x0000000080400000, 0x0000000080400000| Untracked 
|   5|0x0000000080500000, 0x000000008058fc00, 0x0000000080600000| 56%| O|  |TAMS 0x0000000080500000, 0x0000000080500000| Untracked 
|   6|0x0000000080600000, 0x0000000080600000, 0x0000000080700000|  0%| F|  |TAMS 0x0000000080600000, 0x0000000080600000| Untracked 
|   7|0x0000000080700000, 0x0000000080700000, 0x0000000080800000|  0%| F|  |TAMS 0x0000000080700000, 0x0000000080700000| Untracked 
|   8|0x0000000080800000, 0x0000000080800000, 0x0000000080900000|  0%| F|  |TAMS 0x0000000080800000, 0x0000000080800000| Untracked 
|   9|0x0000000080900000, 0x0000000080900000, 0x0000000080a00000|  0%| F|  |TAMS 0x0000000080900000, 0x0000000080900000| Untracked 
|  10|0x0000000080a00000, 0x0000000080a00000, 0x0000000080b00000|  0%| F|  |TAMS 0x0000000080a00000, 0x0000000080a00000| Untracked 
|  11|0x0000000080b00000, 0x0000000080b00000, 0x0000000080c00000|  0%| F|  |TAMS 0x0000000080b00000, 0x0000000080b00000| Untracked 
|  12|0x0000000080c00000, 0x0000000080c00000, 0x0000000080d00000|  0%| F|  |TAMS 0x0000000080c00000, 0x0000000080c00000| Untracked 
|  13|0x0000000080d00000, 0x0000000080d00000, 0x0000000080e00000|  0%| F|  |TAMS 0x0000000080d00000, 0x0000000080d00000| Untracked 
|  14|0x0000000080e00000, 0x0000000080e00000, 0x0000000080f00000|  0%| F|  |TAMS 0x0000000080e00000, 0x0000000080e00000| Untracked 
|  15|0x0000000080f00000, 0x0000000080f00000, 0x0000000081000000|  0%| F|  |TAMS 0x0000000080f00000, 0x0000000080f00000| Untracked 
|  16|0x0000000081000000, 0x0000000081000000, 0x0000000081100000|  0%| F|  |TAMS 0x0000000081000000, 0x0000000081000000| Untracked 
|  17|0x0000000081100000, 0x0000000081100000, 0x0000000081200000|  0%| F|  |TAMS 0x0000000081100000, 0x0000000081100000| Untracked 
|  18|0x0000000081200000, 0x0000000081200000, 0x0000000081300000|  0%| F|  |TAMS 0x0000000081200000, 0x0000000081200000| Untracked 
|  19|0x0000000081300000, 0x0000000081300000, 0x0000000081400000|  0%| F|  |TAMS 0x0000000081300000, 0x0000000081300000| Untracked 
|  20|0x0000000081400000, 0x0000000081400000, 0x0000000081500000|  0%| F|  |TAMS 0x0000000081400000, 0x0000000081400000| Untracked 
|  21|0x0000000081500000, 0x0000000081500000, 0x0000000081600000|  0%| F|  |TAMS 0x0000000081500000, 0x0000000081500000| Untracked 
|  22|0x0000000081600000, 0x0000000081600000, 0x0000000081700000|  0%| F|  |TAMS 0x0000000081600000, 0x0000000081600000| Untracked 
|  23|0x0000000081700000, 0x0000000081700000, 0x0000000081800000|  0%| F|  |TAMS 0x0000000081700000, 0x0000000081700000| Untracked 
|  24|0x0000000081800000, 0x0000000081800000, 0x0000000081900000|  0%| F|  |TAMS 0x0000000081800000, 0x0000000081800000| Untracked 
|  25|0x0000000081900000, 0x0000000081900000, 0x0000000081a00000|  0%| F|  |TAMS 0x0000000081900000, 0x0000000081900000| Untracked 
|  26|0x0000000081a00000, 0x0000000081a00000, 0x0000000081b00000|  0%| F|  |TAMS 0x0000000081a00000, 0x0000000081a00000| Untracked 
|  27|0x0000000081b00000, 0x0000000081b00000, 0x0000000081c00000|  0%| F|  |TAMS 0x0000000081b00000, 0x0000000081b00000| Untracked 
|  28|0x0000000081c00000, 0x0000000081c00000, 0x0000000081d00000|  0%| F|  |TAMS 0x0000000081c00000, 0x0000000081c00000| Untracked 
|  29|0x0000000081d00000, 0x0000000081d00000, 0x0000000081e00000|  0%| F|  |TAMS 0x0000000081d00000, 0x0000000081d00000| Untracked 
|  30|0x0000000081e00000, 0x0000000081e00000, 0x0000000081f00000|  0%| F|  |TAMS 0x0000000081e00000, 0x0000000081e00000| Untracked 
|  31|0x0000000081f00000, 0x0000000081f00000, 0x0000000082000000|  0%| F|  |TAMS 0x0000000081f00000, 0x0000000081f00000| Untracked 
|  32|0x0000000082000000, 0x0000000082000000, 0x0000000082100000|  0%| F|  |TAMS 0x0000000082000000, 0x0000000082000000| Untracked 
|  33|0x0000000082100000, 0x0000000082100000, 0x0000000082200000|  0%| F|  |TAMS 0x0000000082100000, 0x0000000082100000| Untracked 
|  34|0x0000000082200000, 0x0000000082200000, 0x0000000082300000|  0%| F|  |TAMS 0x0000000082200000, 0x0000000082200000| Untracked 
|  35|0x0000000082300000, 0x0000000082300000, 0x0000000082400000|  0%| F|  |TAMS 0x0000000082300000, 0x0000000082300000| Untracked 
|  36|0x0000000082400000, 0x0000000082400000, 0x0000000082500000|  0%| F|  |TAMS 0x0000000082400000, 0x0000000082400000| Untracked 
|  37|0x0000000082500000, 0x0000000082500000, 0x0000000082600000|  0%| F|  |TAMS 0x0000000082500000, 0x0000000082500000| Untracked 
|  38|0x0000000082600000, 0x0000000082600000, 0x0000000082700000|  0%| F|  |TAMS 0x0000000082600000, 0x0000000082600000| Untracked 
|  39|0x0000000082700000, 0x0000000082700000, 0x0000000082800000|  0%| F|  |TAMS 0x0000000082700000, 0x0000000082700000| Untracked 
|  40|0x0000000082800000, 0x0000000082800000, 0x0000000082900000|  0%| F|  |TAMS 0x0000000082800000, 0x0000000082800000| Untracked 
|  41|0x0000000082900000, 0x0000000082900000, 0x0000000082a00000|  0%| F|  |TAMS 0x0000000082900000, 0x0000000082900000| Untracked 
|  42|0x0000000082a00000, 0x0000000082a00000, 0x0000000082b00000|  0%| F|  |TAMS 0x0000000082a00000, 0x0000000082a00000| Untracked 
|  43|0x0000000082b00000, 0x0000000082b00000, 0x0000000082c00000|  0%| F|  |TAMS 0x0000000082b00000, 0x0000000082b00000| Untracked 
|  44|0x0000000082c00000, 0x0000000082c00000, 0x0000000082d00000|  0%| F|  |TAMS 0x0000000082c00000, 0x0000000082c00000| Untracked 
|  45|0x0000000082d00000, 0x0000000082d00000, 0x0000000082e00000|  0%| F|  |TAMS 0x0000000082d00000, 0x0000000082d00000| Untracked 
|  46|0x0000000082e00000, 0x0000000082e00000, 0x0000000082f00000|  0%| F|  |TAMS 0x0000000082e00000, 0x0000000082e00000| Untracked 
|  47|0x0000000082f00000, 0x0000000082f00000, 0x0000000083000000|  0%| F|  |TAMS 0x0000000082f00000, 0x0000000082f00000| Untracked 
|  48|0x0000000083000000, 0x0000000083000000, 0x0000000083100000|  0%| F|  |TAMS 0x0000000083000000, 0x0000000083000000| Untracked 
|  49|0x0000000083100000, 0x0000000083100000, 0x0000000083200000|  0%| F|  |TAMS 0x0000000083100000, 0x0000000083100000| Untracked 
|  50|0x0000000083200000, 0x0000000083200000, 0x0000000083300000|  0%| F|  |TAMS 0x0000000083200000, 0x0000000083200000| Untracked 
|  51|0x0000000083300000, 0x0000000083300000, 0x0000000083400000|  0%| F|  |TAMS 0x0000000083300000, 0x0000000083300000| Untracked 
|  52|0x0000000083400000, 0x0000000083400000, 0x0000000083500000|  0%| F|  |TAMS 0x0000000083400000, 0x0000000083400000| Untracked 
|  53|0x0000000083500000, 0x0000000083500000, 0x0000000083600000|  0%| F|  |TAMS 0x0000000083500000, 0x0000000083500000| Untracked 
|  54|0x0000000083600000, 0x0000000083600000, 0x0000000083700000|  0%| F|  |TAMS 0x0000000083600000, 0x0000000083600000| Untracked 
|  55|0x0000000083700000, 0x0000000083700000, 0x0000000083800000|  0%| F|  |TAMS 0x0000000083700000, 0x0000000083700000| Untracked 
|  56|0x0000000083800000, 0x0000000083800000, 0x0000000083900000|  0%| F|  |TAMS 0x0000000083800000, 0x0000000083800000| Untracked 
|  57|0x0000000083900000, 0x0000000083900000, 0x0000000083a00000|  0%| F|  |TAMS 0x0000000083900000, 0x0000000083900000| Untracked 
|  58|0x0000000083a00000, 0x0000000083a00000, 0x0000000083b00000|  0%| F|  |TAMS 0x0000000083a00000, 0x0000000083a00000| Untracked 
|  59|0x0000000083b00000, 0x0000000083b00000, 0x0000000083c00000|  0%| F|  |TAMS 0x0000000083b00000, 0x0000000083b00000| Untracked 
|  60|0x0000000083c00000, 0x0000000083c00000, 0x0000000083d00000|  0%| F|  |TAMS 0x0000000083c00000, 0x0000000083c00000| Untracked 
|  61|0x0000000083d00000, 0x0000000083d00000, 0x0000000083e00000|  0%| F|  |TAMS 0x0000000083d00000, 0x0000000083d00000| Untracked 
|  62|0x0000000083e00000, 0x0000000083e00000, 0x0000000083f00000|  0%| F|  |TAMS 0x0000000083e00000, 0x0000000083e00000| Untracked 
|  63|0x0000000083f00000, 0x0000000083f00000, 0x0000000084000000|  0%| F|  |TAMS 0x0000000083f00000, 0x0000000083f00000| Untracked 
|  64|0x0000000084000000, 0x0000000084000000, 0x0000000084100000|  0%| F|  |TAMS 0x0000000084000000, 0x0000000084000000| Untracked 
|  65|0x0000000084100000, 0x0000000084100000, 0x0000000084200000|  0%| F|  |TAMS 0x0000000084100000, 0x0000000084100000| Untracked 
|  66|0x0000000084200000, 0x0000000084200000, 0x0000000084300000|  0%| F|  |TAMS 0x0000000084200000, 0x0000000084200000| Untracked 
|  67|0x0000000084300000, 0x0000000084300000, 0x0000000084400000|  0%| F|  |TAMS 0x0000000084300000, 0x0000000084300000| Untracked 
|  68|0x0000000084400000, 0x0000000084400000, 0x0000000084500000|  0%| F|  |TAMS 0x0000000084400000, 0x0000000084400000| Untracked 
|  69|0x0000000084500000, 0x0000000084500000, 0x0000000084600000|  0%| F|  |TAMS 0x0000000084500000, 0x0000000084500000| Untracked 
|  70|0x0000000084600000, 0x0000000084600000, 0x0000000084700000|  0%| F|  |TAMS 0x0000000084600000, 0x0000000084600000| Untracked 
|  71|0x0000000084700000, 0x0000000084700000, 0x0000000084800000|  0%| F|  |TAMS 0x0000000084700000, 0x0000000084700000| Untracked 
|  72|0x0000000084800000, 0x0000000084800000, 0x0000000084900000|  0%| F|  |TAMS 0x0000000084800000, 0x0000000084800000| Untracked 
|  73|0x0000000084900000, 0x0000000084900000, 0x0000000084a00000|  0%| F|  |TAMS 0x0000000084900000, 0x0000000084900000| Untracked 
|  74|0x0000000084a00000, 0x0000000084a00000, 0x0000000084b00000|  0%| F|  |TAMS 0x0000000084a00000, 0x0000000084a00000| Untracked 
|  75|0x0000000084b00000, 0x0000000084b00000, 0x0000000084c00000|  0%| F|  |TAMS 0x0000000084b00000, 0x0000000084b00000| Untracked 
|  76|0x0000000084c00000, 0x0000000084c00000, 0x0000000084d00000|  0%| F|  |TAMS 0x0000000084c00000, 0x0000000084c00000| Untracked 
|  77|0x0000000084d00000, 0x0000000084d00000, 0x0000000084e00000|  0%| F|  |TAMS 0x0000000084d00000, 0x0000000084d00000| Untracked 
|  78|0x0000000084e00000, 0x0000000084e00000, 0x0000000084f00000|  0%| F|  |TAMS 0x0000000084e00000, 0x0000000084e00000| Untracked 
|  79|0x0000000084f00000, 0x0000000084f00000, 0x0000000085000000|  0%| F|  |TAMS 0x0000000084f00000, 0x0000000084f00000| Untracked 
|  80|0x0000000085000000, 0x0000000085000000, 0x0000000085100000|  0%| F|  |TAMS 0x0000000085000000, 0x0000000085000000| Untracked 
|  81|0x0000000085100000, 0x0000000085100000, 0x0000000085200000|  0%| F|  |TAMS 0x0000000085100000, 0x0000000085100000| Untracked 
|  82|0x0000000085200000, 0x0000000085200000, 0x0000000085300000|  0%| F|  |TAMS 0x0000000085200000, 0x0000000085200000| Untracked 
|  83|0x0000000085300000, 0x0000000085300000, 0x0000000085400000|  0%| F|  |TAMS 0x0000000085300000, 0x0000000085300000| Untracked 
|  84|0x0000000085400000, 0x0000000085400000, 0x0000000085500000|  0%| F|  |TAMS 0x0000000085400000, 0x0000000085400000| Untracked 
|  85|0x0000000085500000, 0x0000000085500000, 0x0000000085600000|  0%| F|  |TAMS 0x0000000085500000, 0x0000000085500000| Untracked 
|  86|0x0000000085600000, 0x0000000085600000, 0x0000000085700000|  0%| F|  |TAMS 0x0000000085600000, 0x0000000085600000| Untracked 
|  87|0x0000000085700000, 0x0000000085700000, 0x0000000085800000|  0%| F|  |TAMS 0x0000000085700000, 0x0000000085700000| Untracked 
|  88|0x0000000085800000, 0x0000000085800000, 0x0000000085900000|  0%| F|  |TAMS 0x0000000085800000, 0x0000000085800000| Untracked 
|  89|0x0000000085900000, 0x0000000085900000, 0x0000000085a00000|  0%| F|  |TAMS 0x0000000085900000, 0x0000000085900000| Untracked 
|  90|0x0000000085a00000, 0x0000000085a00000, 0x0000000085b00000|  0%| F|  |TAMS 0x0000000085a00000, 0x0000000085a00000| Untracked 
|  91|0x0000000085b00000, 0x0000000085b00000, 0x0000000085c00000|  0%| F|  |TAMS 0x0000000085b00000, 0x0000000085b00000| Untracked 
|  92|0x0000000085c00000, 0x0000000085c00000, 0x0000000085d00000|  0%| F|  |TAMS 0x0000000085c00000, 0x0000000085c00000| Untracked 
|  93|0x0000000085d00000, 0x0000000085d00000, 0x0000000085e00000|  0%| F|  |TAMS 0x0000000085d00000, 0x0000000085d00000| Untracked 
|  94|0x0000000085e00000, 0x0000000085e00000, 0x0000000085f00000|  0%| F|  |TAMS 0x0000000085e00000, 0x0000000085e00000| Untracked 
|  95|0x0000000085f00000, 0x0000000085f00000, 0x0000000086000000|  0%| F|  |TAMS 0x0000000085f00000, 0x0000000085f00000| Untracked 
|  96|0x0000000086000000, 0x0000000086000000, 0x0000000086100000|  0%| F|  |TAMS 0x0000000086000000, 0x0000000086000000| Untracked 
|  97|0x0000000086100000, 0x0000000086100000, 0x0000000086200000|  0%| F|  |TAMS 0x0000000086100000, 0x0000000086100000| Untracked 
|  98|0x0000000086200000, 0x0000000086200000, 0x0000000086300000|  0%| F|  |TAMS 0x0000000086200000, 0x0000000086200000| Untracked 
|  99|0x0000000086300000, 0x0000000086300000, 0x0000000086400000|  0%| F|  |TAMS 0x0000000086300000, 0x0000000086300000| Untracked 
| 100|0x0000000086400000, 0x0000000086400000, 0x0000000086500000|  0%| F|  |TAMS 0x0000000086400000, 0x0000000086400000| Untracked 
| 101|0x0000000086500000, 0x0000000086500000, 0x0000000086600000|  0%| F|  |TAMS 0x0000000086500000, 0x0000000086500000| Untracked 
| 102|0x0000000086600000, 0x0000000086600000, 0x0000000086700000|  0%| F|  |TAMS 0x0000000086600000, 0x0000000086600000| Untracked 
| 103|0x0000000086700000, 0x0000000086700000, 0x0000000086800000|  0%| F|  |TAMS 0x0000000086700000, 0x0000000086700000| Untracked 
| 104|0x0000000086800000, 0x0000000086800000, 0x0000000086900000|  0%| F|  |TAMS 0x0000000086800000, 0x0000000086800000| Untracked 
| 105|0x0000000086900000, 0x0000000086900000, 0x0000000086a00000|  0%| F|  |TAMS 0x0000000086900000, 0x0000000086900000| Untracked 
| 106|0x0000000086a00000, 0x0000000086a00000, 0x0000000086b00000|  0%| F|  |TAMS 0x0000000086a00000, 0x0000000086a00000| Untracked 
| 107|0x0000000086b00000, 0x0000000086b00000, 0x0000000086c00000|  0%| F|  |TAMS 0x0000000086b00000, 0x0000000086b00000| Untracked 
| 108|0x0000000086c00000, 0x0000000086c00000, 0x0000000086d00000|  0%| F|  |TAMS 0x0000000086c00000, 0x0000000086c00000| Untracked 
| 109|0x0000000086d00000, 0x0000000086d00000, 0x0000000086e00000|  0%| F|  |TAMS 0x0000000086d00000, 0x0000000086d00000| Untracked 
| 110|0x0000000086e00000, 0x0000000086e00000, 0x0000000086f00000|  0%| F|  |TAMS 0x0000000086e00000, 0x0000000086e00000| Untracked 
| 111|0x0000000086f00000, 0x0000000086f00000, 0x0000000087000000|  0%| F|  |TAMS 0x0000000086f00000, 0x0000000086f00000| Untracked 
| 112|0x0000000087000000, 0x0000000087000000, 0x0000000087100000|  0%| F|  |TAMS 0x0000000087000000, 0x0000000087000000| Untracked 
| 113|0x0000000087100000, 0x0000000087100000, 0x0000000087200000|  0%| F|  |TAMS 0x0000000087100000, 0x0000000087100000| Untracked 
| 114|0x0000000087200000, 0x0000000087200000, 0x0000000087300000|  0%| F|  |TAMS 0x0000000087200000, 0x0000000087200000| Untracked 
| 115|0x0000000087300000, 0x0000000087300000, 0x0000000087400000|  0%| F|  |TAMS 0x0000000087300000, 0x0000000087300000| Untracked 
| 116|0x0000000087400000, 0x0000000087400000, 0x0000000087500000|  0%| F|  |TAMS 0x0000000087400000, 0x0000000087400000| Untracked 
| 117|0x0000000087500000, 0x0000000087500000, 0x0000000087600000|  0%| F|  |TAMS 0x0000000087500000, 0x0000000087500000| Untracked 
| 118|0x0000000087600000, 0x0000000087600000, 0x0000000087700000|  0%| F|  |TAMS 0x0000000087600000, 0x0000000087600000| Untracked 
| 119|0x0000000087700000, 0x0000000087700000, 0x0000000087800000|  0%| F|  |TAMS 0x0000000087700000, 0x0000000087700000| Untracked 
| 120|0x0000000087800000, 0x0000000087800000, 0x0000000087900000|  0%| F|  |TAMS 0x0000000087800000, 0x0000000087800000| Untracked 
| 121|0x0000000087900000, 0x0000000087900000, 0x0000000087a00000|  0%| F|  |TAMS 0x0000000087900000, 0x0000000087900000| Untracked 
| 122|0x0000000087a00000, 0x0000000087a00000, 0x0000000087b00000|  0%| F|  |TAMS 0x0000000087a00000, 0x0000000087a00000| Untracked 
| 123|0x0000000087b00000, 0x0000000087b00000, 0x0000000087c00000|  0%| F|  |TAMS 0x0000000087b00000, 0x0000000087b00000| Untracked 
| 124|0x0000000087c00000, 0x0000000087c00000, 0x0000000087d00000|  0%| F|  |TAMS 0x0000000087c00000, 0x0000000087c00000| Untracked 
| 125|0x0000000087d00000, 0x0000000087d00000, 0x0000000087e00000|  0%| F|  |TAMS 0x0000000087d00000, 0x0000000087d00000| Untracked 
| 126|0x0000000087e00000, 0x0000000087e00000, 0x0000000087f00000|  0%| F|  |TAMS 0x0000000087e00000, 0x0000000087e00000| Untracked 
| 127|0x0000000087f00000, 0x0000000087f00000, 0x0000000088000000|  0%| F|  |TAMS 0x0000000087f00000, 0x0000000087f00000| Untracked 
| 128|0x0000000088000000, 0x0000000088000000, 0x0000000088100000|  0%| F|  |TAMS 0x0000000088000000, 0x0000000088000000| Untracked 
| 129|0x0000000088100000, 0x0000000088100000, 0x0000000088200000|  0%| F|  |TAMS 0x0000000088100000, 0x0000000088100000| Untracked 
| 130|0x0000000088200000, 0x0000000088200000, 0x0000000088300000|  0%| F|  |TAMS 0x0000000088200000, 0x0000000088200000| Untracked 
| 131|0x0000000088300000, 0x0000000088300000, 0x0000000088400000|  0%| F|  |TAMS 0x0000000088300000, 0x0000000088300000| Untracked 
| 132|0x0000000088400000, 0x0000000088400000, 0x0000000088500000|  0%| F|  |TAMS 0x0000000088400000, 0x0000000088400000| Untracked 
| 133|0x0000000088500000, 0x0000000088500000, 0x0000000088600000|  0%| F|  |TAMS 0x0000000088500000, 0x0000000088500000| Untracked 
| 134|0x0000000088600000, 0x0000000088600000, 0x0000000088700000|  0%| F|  |TAMS 0x0000000088600000, 0x0000000088600000| Untracked 
| 135|0x0000000088700000, 0x0000000088700000, 0x0000000088800000|  0%| F|  |TAMS 0x0000000088700000, 0x0000000088700000| Untracked 
| 136|0x0000000088800000, 0x0000000088800000, 0x0000000088900000|  0%| F|  |TAMS 0x0000000088800000, 0x0000000088800000| Untracked 
| 137|0x0000000088900000, 0x0000000088900000, 0x0000000088a00000|  0%| F|  |TAMS 0x0000000088900000, 0x0000000088900000| Untracked 
| 138|0x0000000088a00000, 0x0000000088a00000, 0x0000000088b00000|  0%| F|  |TAMS 0x0000000088a00000, 0x0000000088a00000| Untracked 
| 139|0x0000000088b00000, 0x0000000088b00000, 0x0000000088c00000|  0%| F|  |TAMS 0x0000000088b00000, 0x0000000088b00000| Untracked 
| 140|0x0000000088c00000, 0x0000000088c00000, 0x0000000088d00000|  0%| F|  |TAMS 0x0000000088c00000, 0x0000000088c00000| Untracked 
| 141|0x0000000088d00000, 0x0000000088d00000, 0x0000000088e00000|  0%| F|  |TAMS 0x0000000088d00000, 0x0000000088d00000| Untracked 
| 142|0x0000000088e00000, 0x0000000088e00000, 0x0000000088f00000|  0%| F|  |TAMS 0x0000000088e00000, 0x0000000088e00000| Untracked 
| 143|0x0000000088f00000, 0x0000000088f00000, 0x0000000089000000|  0%| F|  |TAMS 0x0000000088f00000, 0x0000000088f00000| Untracked 
| 144|0x0000000089000000, 0x0000000089000000, 0x0000000089100000|  0%| F|  |TAMS 0x0000000089000000, 0x0000000089000000| Untracked 
| 145|0x0000000089100000, 0x0000000089100000, 0x0000000089200000|  0%| F|  |TAMS 0x0000000089100000, 0x0000000089100000| Untracked 
| 146|0x0000000089200000, 0x0000000089200000, 0x0000000089300000|  0%| F|  |TAMS 0x0000000089200000, 0x0000000089200000| Untracked 
| 147|0x0000000089300000, 0x0000000089300000, 0x0000000089400000|  0%| F|  |TAMS 0x0000000089300000, 0x0000000089300000| Untracked 
| 148|0x0000000089400000, 0x0000000089400000, 0x0000000089500000|  0%| F|  |TAMS 0x0000000089400000, 0x0000000089400000| Untracked 
| 149|0x0000000089500000, 0x0000000089500000, 0x0000000089600000|  0%| F|  |TAMS 0x0000000089500000, 0x0000000089500000| Untracked 
| 150|0x0000000089600000, 0x0000000089600000, 0x0000000089700000|  0%| F|  |TAMS 0x0000000089600000, 0x0000000089600000| Untracked 
| 151|0x0000000089700000, 0x0000000089700000, 0x0000000089800000|  0%| F|  |TAMS 0x0000000089700000, 0x0000000089700000| Untracked 
| 152|0x0000000089800000, 0x0000000089800000, 0x0000000089900000|  0%| F|  |TAMS 0x0000000089800000, 0x0000000089800000| Untracked 
| 153|0x0000000089900000, 0x0000000089900000, 0x0000000089a00000|  0%| F|  |TAMS 0x0000000089900000, 0x0000000089900000| Untracked 
| 154|0x0000000089a00000, 0x0000000089a00000, 0x0000000089b00000|  0%| F|  |TAMS 0x0000000089a00000, 0x0000000089a00000| Untracked 
| 155|0x0000000089b00000, 0x0000000089b00000, 0x0000000089c00000|  0%| F|  |TAMS 0x0000000089b00000, 0x0000000089b00000| Untracked 
| 156|0x0000000089c00000, 0x0000000089c00000, 0x0000000089d00000|  0%| F|  |TAMS 0x0000000089c00000, 0x0000000089c00000| Untracked 
| 157|0x0000000089d00000, 0x0000000089d00000, 0x0000000089e00000|  0%| F|  |TAMS 0x0000000089d00000, 0x0000000089d00000| Untracked 
| 158|0x0000000089e00000, 0x0000000089e00000, 0x0000000089f00000|  0%| F|  |TAMS 0x0000000089e00000, 0x0000000089e00000| Untracked 
| 159|0x0000000089f00000, 0x0000000089f00000, 0x000000008a000000|  0%| F|  |TAMS 0x0000000089f00000, 0x0000000089f00000| Untracked 
| 160|0x000000008a000000, 0x000000008a000000, 0x000000008a100000|  0%| F|  |TAMS 0x000000008a000000, 0x000000008a000000| Untracked 
| 161|0x000000008a100000, 0x000000008a100000, 0x000000008a200000|  0%| F|  |TAMS 0x000000008a100000, 0x000000008a100000| Untracked 
| 162|0x000000008a200000, 0x000000008a200000, 0x000000008a300000|  0%| F|  |TAMS 0x000000008a200000, 0x000000008a200000| Untracked 
| 163|0x000000008a300000, 0x000000008a300000, 0x000000008a400000|  0%| F|  |TAMS 0x000000008a300000, 0x000000008a300000| Untracked 
| 164|0x000000008a400000, 0x000000008a400000, 0x000000008a500000|  0%| F|  |TAMS 0x000000008a400000, 0x000000008a400000| Untracked 
| 165|0x000000008a500000, 0x000000008a500000, 0x000000008a600000|  0%| F|  |TAMS 0x000000008a500000, 0x000000008a500000| Untracked 
| 166|0x000000008a600000, 0x000000008a600000, 0x000000008a700000|  0%| F|  |TAMS 0x000000008a600000, 0x000000008a600000| Untracked 
| 167|0x000000008a700000, 0x000000008a700000, 0x000000008a800000|  0%| F|  |TAMS 0x000000008a700000, 0x000000008a700000| Untracked 
| 168|0x000000008a800000, 0x000000008a800000, 0x000000008a900000|  0%| F|  |TAMS 0x000000008a800000, 0x000000008a800000| Untracked 
| 169|0x000000008a900000, 0x000000008a900000, 0x000000008aa00000|  0%| F|  |TAMS 0x000000008a900000, 0x000000008a900000| Untracked 
| 170|0x000000008aa00000, 0x000000008aa00000, 0x000000008ab00000|  0%| F|  |TAMS 0x000000008aa00000, 0x000000008aa00000| Untracked 
| 171|0x000000008ab00000, 0x000000008ab00000, 0x000000008ac00000|  0%| F|  |TAMS 0x000000008ab00000, 0x000000008ab00000| Untracked 
| 172|0x000000008ac00000, 0x000000008ac00000, 0x000000008ad00000|  0%| F|  |TAMS 0x000000008ac00000, 0x000000008ac00000| Untracked 
| 173|0x000000008ad00000, 0x000000008ad00000, 0x000000008ae00000|  0%| F|  |TAMS 0x000000008ad00000, 0x000000008ad00000| Untracked 
| 174|0x000000008ae00000, 0x000000008ae00000, 0x000000008af00000|  0%| F|  |TAMS 0x000000008ae00000, 0x000000008ae00000| Untracked 
| 175|0x000000008af00000, 0x000000008af00000, 0x000000008b000000|  0%| F|  |TAMS 0x000000008af00000, 0x000000008af00000| Untracked 
| 176|0x000000008b000000, 0x000000008b000000, 0x000000008b100000|  0%| F|  |TAMS 0x000000008b000000, 0x000000008b000000| Untracked 
| 177|0x000000008b100000, 0x000000008b100000, 0x000000008b200000|  0%| F|  |TAMS 0x000000008b100000, 0x000000008b100000| Untracked 
| 178|0x000000008b200000, 0x000000008b200000, 0x000000008b300000|  0%| F|  |TAMS 0x000000008b200000, 0x000000008b200000| Untracked 
| 179|0x000000008b300000, 0x000000008b300000, 0x000000008b400000|  0%| F|  |TAMS 0x000000008b300000, 0x000000008b300000| Untracked 
| 180|0x000000008b400000, 0x000000008b400000, 0x000000008b500000|  0%| F|  |TAMS 0x000000008b400000, 0x000000008b400000| Untracked 
| 181|0x000000008b500000, 0x000000008b500000, 0x000000008b600000|  0%| F|  |TAMS 0x000000008b500000, 0x000000008b500000| Untracked 
| 182|0x000000008b600000, 0x000000008b600000, 0x000000008b700000|  0%| F|  |TAMS 0x000000008b600000, 0x000000008b600000| Untracked 
| 183|0x000000008b700000, 0x000000008b700000, 0x000000008b800000|  0%| F|  |TAMS 0x000000008b700000, 0x000000008b700000| Untracked 
| 184|0x000000008b800000, 0x000000008b800000, 0x000000008b900000|  0%| F|  |TAMS 0x000000008b800000, 0x000000008b800000| Untracked 
| 185|0x000000008b900000, 0x000000008b900000, 0x000000008ba00000|  0%| F|  |TAMS 0x000000008b900000, 0x000000008b900000| Untracked 
| 186|0x000000008ba00000, 0x000000008ba00000, 0x000000008bb00000|  0%| F|  |TAMS 0x000000008ba00000, 0x000000008ba00000| Untracked 
| 187|0x000000008bb00000, 0x000000008bb00000, 0x000000008bc00000|  0%| F|  |TAMS 0x000000008bb00000, 0x000000008bb00000| Untracked 
| 188|0x000000008bc00000, 0x000000008bc00000, 0x000000008bd00000|  0%| F|  |TAMS 0x000000008bc00000, 0x000000008bc00000| Untracked 
| 189|0x000000008bd00000, 0x000000008bd00000, 0x000000008be00000|  0%| F|  |TAMS 0x000000008bd00000, 0x000000008bd00000| Untracked 
| 190|0x000000008be00000, 0x000000008be00000, 0x000000008bf00000|  0%| F|  |TAMS 0x000000008be00000, 0x000000008be00000| Untracked 
| 191|0x000000008bf00000, 0x000000008bf00000, 0x000000008c000000|  0%| F|  |TAMS 0x000000008bf00000, 0x000000008bf00000| Untracked 
| 192|0x000000008c000000, 0x000000008c000000, 0x000000008c100000|  0%| F|  |TAMS 0x000000008c000000, 0x000000008c000000| Untracked 
| 193|0x000000008c100000, 0x000000008c100000, 0x000000008c200000|  0%| F|  |TAMS 0x000000008c100000, 0x000000008c100000| Untracked 
| 194|0x000000008c200000, 0x000000008c200000, 0x000000008c300000|  0%| F|  |TAMS 0x000000008c200000, 0x000000008c200000| Untracked 
| 195|0x000000008c300000, 0x000000008c300000, 0x000000008c400000|  0%| F|  |TAMS 0x000000008c300000, 0x000000008c300000| Untracked 
| 196|0x000000008c400000, 0x000000008c400000, 0x000000008c500000|  0%| F|  |TAMS 0x000000008c400000, 0x000000008c400000| Untracked 
| 197|0x000000008c500000, 0x000000008c500000, 0x000000008c600000|  0%| F|  |TAMS 0x000000008c500000, 0x000000008c500000| Untracked 
| 198|0x000000008c600000, 0x000000008c600000, 0x000000008c700000|  0%| F|  |TAMS 0x000000008c600000, 0x000000008c600000| Untracked 
| 199|0x000000008c700000, 0x000000008c700000, 0x000000008c800000|  0%| F|  |TAMS 0x000000008c700000, 0x000000008c700000| Untracked 
| 200|0x000000008c800000, 0x000000008c800000, 0x000000008c900000|  0%| F|  |TAMS 0x000000008c800000, 0x000000008c800000| Untracked 
| 201|0x000000008c900000, 0x000000008c900000, 0x000000008ca00000|  0%| F|  |TAMS 0x000000008c900000, 0x000000008c900000| Untracked 
| 202|0x000000008ca00000, 0x000000008ca00000, 0x000000008cb00000|  0%| F|  |TAMS 0x000000008ca00000, 0x000000008ca00000| Untracked 
| 203|0x000000008cb00000, 0x000000008cb00000, 0x000000008cc00000|  0%| F|  |TAMS 0x000000008cb00000, 0x000000008cb00000| Untracked 
| 204|0x000000008cc00000, 0x000000008cc00000, 0x000000008cd00000|  0%| F|  |TAMS 0x000000008cc00000, 0x000000008cc00000| Untracked 
| 205|0x000000008cd00000, 0x000000008cd00000, 0x000000008ce00000|  0%| F|  |TAMS 0x000000008cd00000, 0x000000008cd00000| Untracked 
| 206|0x000000008ce00000, 0x000000008ce00000, 0x000000008cf00000|  0%| F|  |TAMS 0x000000008ce00000, 0x000000008ce00000| Untracked 
| 207|0x000000008cf00000, 0x000000008cf00000, 0x000000008d000000|  0%| F|  |TAMS 0x000000008cf00000, 0x000000008cf00000| Untracked 
| 208|0x000000008d000000, 0x000000008d000000, 0x000000008d100000|  0%| F|  |TAMS 0x000000008d000000, 0x000000008d000000| Untracked 
| 209|0x000000008d100000, 0x000000008d100000, 0x000000008d200000|  0%| F|  |TAMS 0x000000008d100000, 0x000000008d100000| Untracked 
| 210|0x000000008d200000, 0x000000008d200000, 0x000000008d300000|  0%| F|  |TAMS 0x000000008d200000, 0x000000008d200000| Untracked 
| 211|0x000000008d300000, 0x000000008d300000, 0x000000008d400000|  0%| F|  |TAMS 0x000000008d300000, 0x000000008d300000| Untracked 
| 212|0x000000008d400000, 0x000000008d400000, 0x000000008d500000|  0%| F|  |TAMS 0x000000008d400000, 0x000000008d400000| Untracked 
| 213|0x000000008d500000, 0x000000008d500000, 0x000000008d600000|  0%| F|  |TAMS 0x000000008d500000, 0x000000008d500000| Untracked 
| 214|0x000000008d600000, 0x000000008d600000, 0x000000008d700000|  0%| F|  |TAMS 0x000000008d600000, 0x000000008d600000| Untracked 
| 215|0x000000008d700000, 0x000000008d700000, 0x000000008d800000|  0%| F|  |TAMS 0x000000008d700000, 0x000000008d700000| Untracked 
| 216|0x000000008d800000, 0x000000008d800000, 0x000000008d900000|  0%| F|  |TAMS 0x000000008d800000, 0x000000008d800000| Untracked 
| 217|0x000000008d900000, 0x000000008d900000, 0x000000008da00000|  0%| F|  |TAMS 0x000000008d900000, 0x000000008d900000| Untracked 
| 218|0x000000008da00000, 0x000000008da00000, 0x000000008db00000|  0%| F|  |TAMS 0x000000008da00000, 0x000000008da00000| Untracked 
| 219|0x000000008db00000, 0x000000008db00000, 0x000000008dc00000|  0%| F|  |TAMS 0x000000008db00000, 0x000000008db00000| Untracked 
| 220|0x000000008dc00000, 0x000000008dc00000, 0x000000008dd00000|  0%| F|  |TAMS 0x000000008dc00000, 0x000000008dc00000| Untracked 
| 221|0x000000008dd00000, 0x000000008dd00000, 0x000000008de00000|  0%| F|  |TAMS 0x000000008dd00000, 0x000000008dd00000| Untracked 
| 222|0x000000008de00000, 0x000000008de00000, 0x000000008df00000|  0%| F|  |TAMS 0x000000008de00000, 0x000000008de00000| Untracked 
| 223|0x000000008df00000, 0x000000008df00000, 0x000000008e000000|  0%| F|  |TAMS 0x000000008df00000, 0x000000008df00000| Untracked 
| 224|0x000000008e000000, 0x000000008e000000, 0x000000008e100000|  0%| F|  |TAMS 0x000000008e000000, 0x000000008e000000| Untracked 
| 225|0x000000008e100000, 0x000000008e100000, 0x000000008e200000|  0%| F|  |TAMS 0x000000008e100000, 0x000000008e100000| Untracked 
| 226|0x000000008e200000, 0x000000008e200000, 0x000000008e300000|  0%| F|  |TAMS 0x000000008e200000, 0x000000008e200000| Untracked 
| 227|0x000000008e300000, 0x000000008e300000, 0x000000008e400000|  0%| F|  |TAMS 0x000000008e300000, 0x000000008e300000| Untracked 
| 228|0x000000008e400000, 0x000000008e400000, 0x000000008e500000|  0%| F|  |TAMS 0x000000008e400000, 0x000000008e400000| Untracked 
| 229|0x000000008e500000, 0x000000008e500000, 0x000000008e600000|  0%| F|  |TAMS 0x000000008e500000, 0x000000008e500000| Untracked 
| 230|0x000000008e600000, 0x000000008e700000, 0x000000008e700000|100%| S|CS|TAMS 0x000000008e600000, 0x000000008e600000| Complete 
| 231|0x000000008e700000, 0x000000008e800000, 0x000000008e800000|100%| S|CS|TAMS 0x000000008e700000, 0x000000008e700000| Complete 
| 232|0x000000008e800000, 0x000000008e900000, 0x000000008e900000|100%| S|CS|TAMS 0x000000008e800000, 0x000000008e800000| Complete 
| 233|0x000000008e900000, 0x000000008e900000, 0x000000008ea00000|  0%| F|  |TAMS 0x000000008e900000, 0x000000008e900000| Untracked 
| 234|0x000000008ea00000, 0x000000008ea00000, 0x000000008eb00000|  0%| F|  |TAMS 0x000000008ea00000, 0x000000008ea00000| Untracked 
| 235|0x000000008eb00000, 0x000000008eb00000, 0x000000008ec00000|  0%| F|  |TAMS 0x000000008eb00000, 0x000000008eb00000| Untracked 
| 236|0x000000008ec00000, 0x000000008ec00000, 0x000000008ed00000|  0%| F|  |TAMS 0x000000008ec00000, 0x000000008ec00000| Untracked 
| 237|0x000000008ed00000, 0x000000008ed00000, 0x000000008ee00000|  0%| F|  |TAMS 0x000000008ed00000, 0x000000008ed00000| Untracked 
| 238|0x000000008ee00000, 0x000000008ee00000, 0x000000008ef00000|  0%| F|  |TAMS 0x000000008ee00000, 0x000000008ee00000| Untracked 
| 239|0x000000008ef00000, 0x000000008ef00000, 0x000000008f000000|  0%| F|  |TAMS 0x000000008ef00000, 0x000000008ef00000| Untracked 
| 240|0x000000008f000000, 0x000000008f000000, 0x000000008f100000|  0%| F|  |TAMS 0x000000008f000000, 0x000000008f000000| Untracked 
| 241|0x000000008f100000, 0x000000008f100000, 0x000000008f200000|  0%| F|  |TAMS 0x000000008f100000, 0x000000008f100000| Untracked 
| 242|0x000000008f200000, 0x000000008f200000, 0x000000008f300000|  0%| F|  |TAMS 0x000000008f200000, 0x000000008f200000| Untracked 
| 243|0x000000008f300000, 0x000000008f300000, 0x000000008f400000|  0%| F|  |TAMS 0x000000008f300000, 0x000000008f300000| Untracked 
| 244|0x000000008f400000, 0x000000008f400000, 0x000000008f500000|  0%| F|  |TAMS 0x000000008f400000, 0x000000008f400000| Untracked 
| 245|0x000000008f500000, 0x000000008f500000, 0x000000008f600000|  0%| F|  |TAMS 0x000000008f500000, 0x000000008f500000| Untracked 
| 246|0x000000008f600000, 0x000000008f600000, 0x000000008f700000|  0%| F|  |TAMS 0x000000008f600000, 0x000000008f600000| Untracked 
| 247|0x000000008f700000, 0x000000008f700000, 0x000000008f800000|  0%| F|  |TAMS 0x000000008f700000, 0x000000008f700000| Untracked 
| 248|0x000000008f800000, 0x000000008f800000, 0x000000008f900000|  0%| F|  |TAMS 0x000000008f800000, 0x000000008f800000| Untracked 
| 249|0x000000008f900000, 0x000000008f900000, 0x000000008fa00000|  0%| F|  |TAMS 0x000000008f900000, 0x000000008f900000| Untracked 
| 250|0x000000008fa00000, 0x000000008fb00000, 0x000000008fb00000|100%| E|  |TAMS 0x000000008fa00000, 0x000000008fa00000| Complete 
| 251|0x000000008fb00000, 0x000000008fc00000, 0x000000008fc00000|100%| E|CS|TAMS 0x000000008fb00000, 0x000000008fb00000| Complete 
| 252|0x000000008fc00000, 0x000000008fd00000, 0x000000008fd00000|100%| E|CS|TAMS 0x000000008fc00000, 0x000000008fc00000| Complete 
| 253|0x000000008fd00000, 0x000000008fe00000, 0x000000008fe00000|100%| E|CS|TAMS 0x000000008fd00000, 0x000000008fd00000| Complete 
| 254|0x000000008fe00000, 0x000000008ff00000, 0x000000008ff00000|100%| E|CS|TAMS 0x000000008fe00000, 0x000000008fe00000| Complete 
| 255|0x000000008ff00000, 0x0000000090000000, 0x0000000090000000|100%| E|CS|TAMS 0x000000008ff00000, 0x000000008ff00000| Complete 

Card table byte_map: [0x000001687a9a0000,0x000001687ada0000] _byte_map_base: 0x000001687a5a0000

Marking Bits (Prev, Next): (CMBitMap*) 0x0000016876936400, (CMBitMap*) 0x0000016876936440
 Prev Bits: [0x000001687b1a0000, 0x000001687d1a0000)
 Next Bits: [0x000001687d1a0000, 0x000001687f1a0000)

Polling page: 0x0000016874840000

Metaspace:

Usage:
  Non-class:     16.87 MB used.
      Class:      1.96 MB used.
       Both:     18.83 MB used.

Virtual space:
  Non-class space:       64.00 MB reserved,      17.06 MB ( 27%) committed,  1 nodes.
      Class space:        1.00 GB reserved,       2.06 MB ( <1%) committed,  1 nodes.
             Both:        1.06 GB reserved,      19.12 MB (  2%) committed. 

Chunk freelists:
   Non-Class:  14.28 MB
       Class:  13.94 MB
        Both:  28.22 MB

MaxMetaspaceSize: unlimited
CompressedClassSpaceSize: 1.00 GB
Initial GC threshold: 21.00 MB
Current GC threshold: 21.00 MB
CDS: off
MetaspaceReclaimPolicy: balanced
 - commit_granule_bytes: 65536.
 - commit_granule_words: 8192.
 - virtual_space_node_default_size: 8388608.
 - enlarge_chunks_in_place: 1.
 - new_chunks_are_fully_committed: 0.
 - uncommit_free_chunks: 1.
 - use_allocation_guard: 0.
 - handle_deallocations: 1.


Internal statistics:

num_allocs_failed_limit: 0.
num_arena_births: 316.
num_arena_deaths: 0.
num_vsnodes_births: 2.
num_vsnodes_deaths: 0.
num_space_committed: 306.
num_space_uncommitted: 0.
num_chunks_returned_to_freelist: 0.
num_chunks_taken_from_freelist: 647.
num_chunk_merges: 0.
num_chunk_splits: 376.
num_chunks_enlarged: 175.
num_inconsistent_stats: 0.

CodeHeap 'non-profiled nmethods': size=120000Kb used=618Kb max_used=618Kb free=119381Kb
 bounds [0x0000016807ad0000, 0x0000016807d40000, 0x000001680f000000]
CodeHeap 'profiled nmethods': size=120000Kb used=3082Kb max_used=3082Kb free=116917Kb
 bounds [0x0000016800000000, 0x0000016800310000, 0x0000016807530000]
CodeHeap 'non-nmethods': size=5760Kb used=1200Kb max_used=1279Kb free=4559Kb
 bounds [0x0000016807530000, 0x00000168077a0000, 0x0000016807ad0000]
 total_blobs=2146 nmethods=1638 adapters=421
 compilation: enabled
              stopped_count=0, restarted_count=0
 full_count=0

Compilation events (20 events):
Event: 2.802 Thread 0x00000168165ee140 nmethod 1451 0x0000016807b50210 code [0x0000016807b503e0, 0x0000016807b513b8]
Event: 2.802 Thread 0x00000168165ee140 1492       4       jdk.internal.org.objectweb.asm.Frame::execute (2305 bytes)
Event: 2.804 Thread 0x000001681509b5c0 nmethod 1519 0x00000168002b2b90 code [0x00000168002b2f20, 0x00000168002b4708]
Event: 2.804 Thread 0x000001681509b5c0 1523       3       jdk.internal.org.objectweb.asm.SymbolTable::addUninitializedType (103 bytes)
Event: 2.806 Thread 0x000001681509b5c0 nmethod 1523 0x00000168002b4f90 code [0x00000168002b51a0, 0x00000168002b5758]
Event: 2.806 Thread 0x000001681509b5c0 1521       3       jdk.internal.org.objectweb.asm.MethodWriter::addSuccessorToCurrentBasicBlock (24 bytes)
Event: 2.806 Thread 0x000001681509b5c0 nmethod 1521 0x00000168002b5a10 code [0x00000168002b5bc0, 0x00000168002b5f18]
Event: 2.807 Thread 0x000001681509b5c0 1525       3       java.lang.reflect.ProxyGenerator::typeNames (61 bytes)
Event: 2.808 Thread 0x000001681509b5c0 nmethod 1525 0x00000168002b6090 code [0x00000168002b62c0, 0x00000168002b6be8]
Event: 2.808 Thread 0x000001681509b5c0 1522       3       jdk.internal.org.objectweb.asm.Frame::addInitializedType (77 bytes)
Event: 2.809 Thread 0x000001681509b5c0 nmethod 1522 0x00000168002b6e90 code [0x00000168002b7060, 0x00000168002b7588]
Event: 2.809 Thread 0x000001681509b5c0 1526       3       java.lang.reflect.ProxyGenerator$PrimitiveTypeInfo::get (13 bytes)
Event: 2.809 Thread 0x000001681509b5c0 nmethod 1526 0x00000168002b7710 code [0x00000168002b78c0, 0x00000168002b7b68]
Event: 2.809 Thread 0x000001681509b5c0 1524       3       jdk.internal.org.objectweb.asm.SymbolTable::hash (12 bytes)
Event: 2.810 Thread 0x000001681509b5c0 nmethod 1524 0x00000168002b7c90 code [0x00000168002b7e20, 0x00000168002b7f68]
Event: 2.810 Thread 0x000001681509b5c0 1514       3       java.util.ImmutableCollections$Set12::contains (28 bytes)
Event: 2.810 Thread 0x000001681509b5c0 nmethod 1514 0x00000168002b8090 code [0x00000168002b8240, 0x00000168002b8578]
Event: 2.810 Thread 0x000001681509b5c0 1527       3       java.lang.reflect.ProxyGenerator$ProxyMethod::codeFieldInitialization (165 bytes)
Event: 2.812 Thread 0x000001681509b5c0 nmethod 1527 0x00000168002b8690 code [0x00000168002b8940, 0x00000168002b95e8]
Event: 2.813 Thread 0x000001681509b5c0 1520       3       java.lang.reflect.ProxyGenerator::checkReturnTypes (281 bytes)

GC Heap History (2 events):
Event: 2.316 GC heap before
{Heap before GC invocations=0 (full 0):
 garbage-first heap   total 262144K, used 25600K [0x0000000080000000, 0x0000000100000000)
  region size 1024K, 23 young (23552K), 0 survivors (0K)
 Metaspace       used 18224K, committed 18496K, reserved 1114112K
  class space    used 1907K, committed 2048K, reserved 1048576K
}
Event: 2.333 GC heap after
{Heap after GC invocations=1 (full 0):
 garbage-first heap   total 262144K, used 8767K [0x0000000080000000, 0x0000000100000000)
  region size 1024K, 3 young (3072K), 3 survivors (3072K)
 Metaspace       used 18224K, committed 18496K, reserved 1114112K
  class space    used 1907K, committed 2048K, reserved 1048576K
}

Dll operation events (1 events):
Event: 0.017 Loaded shared library C:\Program Files\JetBrains\PyCharm 2021.3.2\jbr\bin\java.dll

Deoptimization events (20 events):
Event: 2.615 Thread 0x0000016815841530 Uncommon trap: trap_request=0xffffffde fr.pc=0x0000016807b4033c relative=0x000000000000167c
Event: 2.615 Thread 0x0000016815841530 Uncommon trap: reason=class_check action=maybe_recompile pc=0x0000016807b4033c method=java.util.HashMap.putVal(ILjava/lang/Object;Ljava/lang/Object;ZZ)Ljava/lang/Object; @ 91 c2
Event: 2.615 Thread 0x0000016815841530 DEOPT PACKING pc=0x0000016807b4033c sp=0x0000005a06bfd600
Event: 2.615 Thread 0x0000016815841530 DEOPT UNPACKING pc=0x00000168075869a3 sp=0x0000005a06bfd558 mode 2
Event: 2.615 Thread 0x0000016815841530 Uncommon trap: trap_request=0xffffffde fr.pc=0x0000016807b42344 relative=0x0000000000001604
Event: 2.615 Thread 0x0000016815841530 Uncommon trap: reason=class_check action=maybe_recompile pc=0x0000016807b42344 method=java.util.HashMap.putVal(ILjava/lang/Object;Ljava/lang/Object;ZZ)Ljava/lang/Object; @ 91 c2
Event: 2.615 Thread 0x0000016815841530 DEOPT PACKING pc=0x0000016807b42344 sp=0x0000005a06bfd570
Event: 2.615 Thread 0x0000016815841530 DEOPT UNPACKING pc=0x00000168075869a3 sp=0x0000005a06bfd550 mode 2
Event: 2.734 Thread 0x0000016815841530 Uncommon trap: trap_request=0xffffffc6 fr.pc=0x0000016807b4ef18 relative=0x0000000000000ef8
Event: 2.734 Thread 0x0000016815841530 Uncommon trap: reason=bimorphic_or_optimized_type_check action=maybe_recompile pc=0x0000016807b4ef18 method=java.util.HashMap.putVal(ILjava/lang/Object;Ljava/lang/Object;ZZ)Ljava/lang/Object; @ 203 c2
Event: 2.734 Thread 0x0000016815841530 DEOPT PACKING pc=0x0000016807b4ef18 sp=0x0000005a06bfe0c0
Event: 2.734 Thread 0x0000016815841530 DEOPT UNPACKING pc=0x00000168075869a3 sp=0x0000005a06bfe060 mode 2
Event: 2.734 Thread 0x0000016815841530 Uncommon trap: trap_request=0xffffffc6 fr.pc=0x0000016807b4ef18 relative=0x0000000000000ef8
Event: 2.734 Thread 0x0000016815841530 Uncommon trap: reason=bimorphic_or_optimized_type_check action=maybe_recompile pc=0x0000016807b4ef18 method=java.util.HashMap.putVal(ILjava/lang/Object;Ljava/lang/Object;ZZ)Ljava/lang/Object; @ 203 c2
Event: 2.734 Thread 0x0000016815841530 DEOPT PACKING pc=0x0000016807b4ef18 sp=0x0000005a06bfe0c0
Event: 2.735 Thread 0x0000016815841530 DEOPT UNPACKING pc=0x00000168075869a3 sp=0x0000005a06bfe060 mode 2
Event: 2.735 Thread 0x0000016815841530 Uncommon trap: trap_request=0xffffffc6 fr.pc=0x0000016807b4ef18 relative=0x0000000000000ef8
Event: 2.735 Thread 0x0000016815841530 Uncommon trap: reason=bimorphic_or_optimized_type_check action=maybe_recompile pc=0x0000016807b4ef18 method=java.util.HashMap.putVal(ILjava/lang/Object;Ljava/lang/Object;ZZ)Ljava/lang/Object; @ 203 c2
Event: 2.735 Thread 0x0000016815841530 DEOPT PACKING pc=0x0000016807b4ef18 sp=0x0000005a06bfe0c0
Event: 2.735 Thread 0x0000016815841530 DEOPT UNPACKING pc=0x00000168075869a3 sp=0x0000005a06bfe060 mode 2

Classes unloaded (0 events):
No events

Classes redefined (0 events):
No events

Internal exceptions (20 events):
Event: 0.977 Thread 0x00000168768d7820 Exception <a 'java/lang/NoSuchMethodError'{0x000000008f8670d0}: 'java.lang.Object java.lang.invoke.Invokers$Holder.linkToTargetMethod(java.lang.Object, long, java.lang.Object)'> (0x000000008f8670d0) 
thrown [s\src\hotspot\share\interpreter\linkResolver.cpp, line 771]
Event: 1.088 Thread 0x000001681583eeb0 Exception <a 'java/lang/NoSuchMethodError'{0x000000008f6fcb48}: static [B.<clinit>()V> (0x000000008f6fcb48) 
thrown [s\src\hotspot\share\prims\jni.cpp, line 1108]
Event: 1.088 Thread 0x0000016815841530 Exception <a 'java/lang/NoSuchMethodError'{0x000000008f6238f8}: static [B.<clinit>()V> (0x000000008f6238f8) 
thrown [s\src\hotspot\share\prims\jni.cpp, line 1108]
Event: 1.108 Thread 0x0000016815841530 Exception <a 'java/lang/NoSuchMethodError'{0x000000008f6511f8}: static [Ljava/rmi/server/ObjID;.<clinit>()V> (0x000000008f6511f8) 
thrown [s\src\hotspot\share\prims\jni.cpp, line 1108]
Event: 1.111 Thread 0x0000016815841060 Exception <a 'java/lang/InterruptedException'{0x000000008f500000}> (0x000000008f500000) 
thrown [s\src\hotspot\share\runtime\objectMonitor.cpp, line 1658]
Event: 1.112 Thread 0x0000016815841530 Exception <a 'java/lang/NoSuchMethodError'{0x000000008f658ac8}: 'void java.lang.invoke.DirectMethodHandle$Holder.invokeSpecial(java.lang.Object, java.lang.Object, java.lang.Object)'> (0x000000008f658ac8) 
thrown [s\src\hotspot\share\interpreter\linkResolver.cpp, line 771]
Event: 1.113 Thread 0x0000016815841530 Exception <a 'java/lang/NoSuchMethodError'{0x000000008f65c030}: 'void java.lang.invoke.Invokers$Holder.invoke_MT(java.lang.Object, java.lang.Object, java.lang.Object)'> (0x000000008f65c030) 
thrown [s\src\hotspot\share\interpreter\linkResolver.cpp, line 771]
Event: 1.113 Thread 0x0000016815841060 Exception <a 'java/lang/NoSuchMethodError'{0x000000008f5089f8}: 'java.lang.Object java.lang.invoke.DirectMethodHandle$Holder.newInvokeSpecial(java.lang.Object, java.lang.Object, int, java.lang.Object, long)'> (0x000000008f5089f8) 
thrown [s\src\hotspot\share\interpreter\linkResolver.cpp, line 771]
Event: 1.294 Thread 0x0000016815841530 Exception <a 'java/lang/NoSuchMethodError'{0x000000008f232870}: 'java.lang.Object java.lang.invoke.DirectMethodHandle$Holder.invokeVirtual(java.lang.Object, java.lang.Object, java.lang.Object, java.lang.Object)'> (0x000000008f232870) 
thrown [s\src\hotspot\share\interpreter\linkResolver.cpp, line 771]
Event: 1.296 Thread 0x0000016815841530 Exception <a 'java/lang/NoSuchMethodError'{0x000000008f23b0e0}: 'void java.lang.invoke.DirectMethodHandle$Holder.invokeStatic(java.lang.Object, java.lang.Object, java.lang.Object, java.lang.Object)'> (0x000000008f23b0e0) 
thrown [s\src\hotspot\share\interpreter\linkResolver.cpp, line 771]
Event: 1.322 Thread 0x0000016815841530 Exception <a 'java/lang/NoSuchMethodError'{0x000000008f2a4c18}: 'int java.lang.invoke.DirectMethodHandle$Holder.invokeStaticInit(java.lang.Object, java.lang.Object, java.lang.Object, java.lang.Object)'> (0x000000008f2a4c18) 
thrown [s\src\hotspot\share\interpreter\linkResolver.cpp, line 771]
Event: 1.325 Thread 0x0000016815841530 Exception <a 'java/lang/NoSuchMethodError'{0x000000008f2ae210}: 'java.lang.Object java.lang.invoke.DirectMethodHandle$Holder.invokeInterface(java.lang.Object, java.lang.Object)'> (0x000000008f2ae210) 
thrown [s\src\hotspot\share\interpreter\linkResolver.cpp, line 771]
Event: 1.325 Thread 0x0000016815841530 Exception <a 'java/lang/IncompatibleClassChangeError'{0x000000008f2b1a08}: Found class java.lang.Object, but interface was expected> (0x000000008f2b1a08) 
thrown [s\src\hotspot\share\interpreter\linkResolver.cpp, line 838]
Event: 1.329 Thread 0x0000016815841530 Exception <a 'java/lang/NoSuchMethodError'{0x000000008f2b8a18}: 'int java.lang.invoke.DirectMethodHandle$Holder.invokeStaticInit(java.lang.Object, java.lang.Object)'> (0x000000008f2b8a18) 
thrown [s\src\hotspot\share\interpreter\linkResolver.cpp, line 771]
Event: 1.692 Thread 0x0000016815841530 Exception <a 'sun/nio/fs/WindowsException'{0x000000008ee8ace0}> (0x000000008ee8ace0) 
thrown [s\src\hotspot\share\prims\jni.cpp, line 517]
Event: 2.101 Thread 0x0000016815841530 Exception <a 'java/lang/NoSuchMethodError'{0x000000008eb4df28}: 'java.lang.Object java.lang.invoke.DirectMethodHandle$Holder.invokeStaticInit(java.lang.Object, java.lang.Object, java.lang.Object)'> (0x000000008eb4df28) 
thrown [s\src\hotspot\share\interpreter\linkResolver.cpp, line 771]
Event: 2.124 Thread 0x0000016815841530 Exception <a 'java/lang/NoSuchMethodError'{0x000000008eba7658}: 'java.lang.Object java.lang.invoke.DirectMethodHandle$Holder.newInvokeSpecial(java.lang.Object, java.lang.Object, int)'> (0x000000008eba7658) 
thrown [s\src\hotspot\share\interpreter\linkResolver.cpp, line 771]
Event: 2.630 Thread 0x0000016815841530 Exception <a 'java/lang/NoSuchMethodError'{0x000000008fd898f8}: static Lcom/intellij/database/remote/jdba/core/ConnectionInfo;.<clinit>()V> (0x000000008fd898f8) 
thrown [s\src\hotspot\share\prims\jni.cpp, line 1108]
Event: 2.633 Thread 0x0000016815841530 Exception <a 'java/lang/NoSuchMethodError'{0x000000008fd93cb0}: static Ljava/lang/Object;.<clinit>()V> (0x000000008fd93cb0) 
thrown [s\src\hotspot\share\prims\jni.cpp, line 1108]
Event: 2.634 Thread 0x0000016815841530 Exception <a 'java/lang/NoSuchMethodError'{0x000000008fd97800}: static [I.<clinit>()V> (0x000000008fd97800) 
thrown [s\src\hotspot\share\prims\jni.cpp, line 1108]

VM Operations (16 events):
Event: 0.372 Executing VM operation: HandshakeAllThreads
Event: 0.372 Executing VM operation: HandshakeAllThreads done
Event: 0.599 Executing VM operation: HandshakeAllThreads
Event: 0.599 Executing VM operation: HandshakeAllThreads done
Event: 1.602 Executing VM operation: Cleanup
Event: 1.602 Executing VM operation: Cleanup done
Event: 1.651 Executing VM operation: HandshakeAllThreads
Event: 1.651 Executing VM operation: HandshakeAllThreads done
Event: 1.697 Executing VM operation: HandshakeAllThreads
Event: 1.697 Executing VM operation: HandshakeAllThreads done
Event: 1.714 Executing VM operation: HandshakeAllThreads
Event: 1.714 Executing VM operation: HandshakeAllThreads done
Event: 1.947 Executing VM operation: HandshakeAllThreads
Event: 1.947 Executing VM operation: HandshakeAllThreads done
Event: 2.316 Executing VM operation: G1CollectForAllocation
Event: 2.333 Executing VM operation: G1CollectForAllocation done

Events (20 events):
Event: 2.610 loading class java/lang/Byte$ByteCache
Event: 2.611 loading class java/lang/Byte$ByteCache done
Event: 2.612 loading class java/lang/Short$ShortCache
Event: 2.612 loading class java/lang/Short$ShortCache done
Event: 2.616 Thread 0x000001681583f380 Thread added: 0x000001681583f380
Event: 2.616 Thread 0x000001681583e040 Thread added: 0x000001681583e040
Event: 2.617 Thread 0x000001681583fd20 Thread added: 0x000001681583fd20
Event: 2.619 Thread 0x000001681583e040 Thread exited: 0x000001681583e040
Event: 2.619 Thread 0x000001681583f380 Thread exited: 0x000001681583f380
Event: 2.620 Thread 0x000001681583fd20 Thread exited: 0x000001681583fd20
Event: 2.624 loading class java/util/regex/Pattern$LookBehindEndNode
Event: 2.624 loading class java/util/regex/Pattern$LookBehindEndNode done
Event: 2.624 loading class java/util/regex/Pattern$Behind
Event: 2.624 loading class java/util/regex/Pattern$Behind done
Event: 2.624 loading class java/util/regex/Pattern$Neg
Event: 2.625 loading class java/util/regex/Pattern$Neg done
Event: 2.625 loading class java/util/regex/Pattern$NotBehind
Event: 2.625 loading class java/util/regex/Pattern$NotBehind done
Event: 2.625 loading class java/util/regex/Pattern$Pos
Event: 2.625 loading class java/util/regex/Pattern$Pos done


Dynamic libraries:
0x00007ff76e5c0000 - 0x00007ff76e5ca000 	C:\Program Files\JetBrains\PyCharm 2021.3.2\jbr\bin\java.exe
0x00007ffe60af0000 - 0x00007ffe60ce8000 	C:\Windows\SYSTEM32\ntdll.dll
0x00007ffe45f60000 - 0x00007ffe45f79000 	C:\Program Files\AVG\Antivirus\aswhook.dll
0x00007ffe5fe80000 - 0x00007ffe5ff3f000 	C:\Windows\System32\KERNEL32.DLL
0x00007ffe5e6c0000 - 0x00007ffe5e9b6000 	C:\Windows\System32\KERNELBASE.dll
0x00007ffe5e360000 - 0x00007ffe5e460000 	C:\Windows\System32\ucrtbase.dll
0x00007ffe46590000 - 0x00007ffe465a7000 	C:\Program Files\JetBrains\PyCharm 2021.3.2\jbr\bin\jli.dll
0x00007ffe0b8a0000 - 0x00007ffe0b8bb000 	C:\Program Files\JetBrains\PyCharm 2021.3.2\jbr\bin\VCRUNTIME140.dll
0x00007ffe5fac0000 - 0x00007ffe5fc5d000 	C:\Windows\System32\USER32.dll
0x00007ffe5ead0000 - 0x00007ffe5eaf2000 	C:\Windows\System32\win32u.dll
0x00007ffe47910000 - 0x00007ffe47baa000 	C:\Windows\WinSxS\amd64_microsoft.windows.common-controls_6595b64144ccf1df_6.0.19041.1110_none_60b5254171f9507e\COMCTL32.dll
0x00007ffe607d0000 - 0x00007ffe607fc000 	C:\Windows\System32\GDI32.dll
0x00007ffe5fdc0000 - 0x00007ffe5fe5e000 	C:\Windows\System32\msvcrt.dll
0x00007ffe5e4f0000 - 0x00007ffe5e605000 	C:\Windows\System32\gdi32full.dll
0x00007ffe5e9c0000 - 0x00007ffe5ea5d000 	C:\Windows\System32\msvcp_win.dll
0x00007ffe5ed00000 - 0x00007ffe5ed30000 	C:\Windows\System32\IMM32.DLL
0x00007ffe16cf0000 - 0x00007ffe16cfc000 	C:\Program Files\JetBrains\PyCharm 2021.3.2\jbr\bin\vcruntime140_1.dll
0x00007ffdebdb0000 - 0x00007ffdebe3d000 	C:\Program Files\JetBrains\PyCharm 2021.3.2\jbr\bin\msvcp140.dll
0x00007ffdd04b0000 - 0x00007ffdd1130000 	C:\Program Files\JetBrains\PyCharm 2021.3.2\jbr\bin\server\jvm.dll
0x00007ffe603c0000 - 0x00007ffe6046f000 	C:\Windows\System32\ADVAPI32.dll
0x00007ffe60320000 - 0x00007ffe603bc000 	C:\Windows\System32\sechost.dll
0x00007ffe60070000 - 0x00007ffe60196000 	C:\Windows\System32\RPCRT4.dll
0x00007ffe52e20000 - 0x00007ffe52e29000 	C:\Windows\SYSTEM32\WSOCK32.dll
0x00007ffe568c0000 - 0x00007ffe568e7000 	C:\Windows\SYSTEM32\WINMM.dll
0x00007ffe58070000 - 0x00007ffe5807a000 	C:\Windows\SYSTEM32\VERSION.dll
0x00007ffe60250000 - 0x00007ffe602bb000 	C:\Windows\System32\WS2_32.dll
0x00007ffe5c040000 - 0x00007ffe5c052000 	C:\Windows\SYSTEM32\kernel.appcore.dll
0x00007ffe58740000 - 0x00007ffe5874a000 	C:\Program Files\JetBrains\PyCharm 2021.3.2\jbr\bin\jimage.dll
0x00007ffe4c940000 - 0x00007ffe4cb24000 	C:\Windows\SYSTEM32\DBGHELP.DLL
0x00007ffe4c900000 - 0x00007ffe4c934000 	C:\Windows\SYSTEM32\dbgcore.DLL
0x00007ffe5e460000 - 0x00007ffe5e4e2000 	C:\Windows\System32\bcryptPrimitives.dll
0x00007ffe4bf20000 - 0x00007ffe4bf45000 	C:\Program Files\JetBrains\PyCharm 2021.3.2\jbr\bin\java.dll
0x00007ffe4bf00000 - 0x00007ffe4bf18000 	C:\Program Files\JetBrains\PyCharm 2021.3.2\jbr\bin\zip.dll
0x00007ffe5ed30000 - 0x00007ffe5f474000 	C:\Windows\System32\SHELL32.dll
0x00007ffe5c240000 - 0x00007ffe5c9d4000 	C:\Windows\SYSTEM32\windows.storage.dll
0x00007ffe60470000 - 0x00007ffe607c4000 	C:\Windows\System32\combase.dll
0x00007ffe5db30000 - 0x00007ffe5db5e000 	C:\Windows\SYSTEM32\Wldp.dll
0x00007ffe60a00000 - 0x00007ffe60aad000 	C:\Windows\System32\SHCORE.dll
0x00007ffe602c0000 - 0x00007ffe60315000 	C:\Windows\System32\shlwapi.dll
0x00007ffe5e100000 - 0x00007ffe5e125000 	C:\Windows\SYSTEM32\profapi.dll
0x00007ffe4bb50000 - 0x00007ffe4bb69000 	C:\Program Files\JetBrains\PyCharm 2021.3.2\jbr\bin\net.dll
0x00007ffe56280000 - 0x00007ffe5638a000 	C:\Windows\SYSTEM32\WINHTTP.dll
0x00007ffe5d910000 - 0x00007ffe5d97a000 	C:\Windows\system32\mswsock.dll
0x00007ffe4b140000 - 0x00007ffe4b156000 	C:\Program Files\JetBrains\PyCharm 2021.3.2\jbr\bin\nio.dll
0x00007ffe5d5d0000 - 0x00007ffe5d60c000 	C:\Windows\SYSTEM32\IPHLPAPI.DLL
0x00007ffe5fab0000 - 0x00007ffe5fab8000 	C:\Windows\System32\NSI.dll
0x00007ffe55e20000 - 0x00007ffe55e37000 	C:\Windows\SYSTEM32\dhcpcsvc6.DLL
0x00007ffe55bb0000 - 0x00007ffe55bcd000 	C:\Windows\SYSTEM32\dhcpcsvc.DLL
0x00007ffe5d610000 - 0x00007ffe5d6da000 	C:\Windows\SYSTEM32\DNSAPI.dll
0x00007ffe5db70000 - 0x00007ffe5db88000 	C:\Windows\SYSTEM32\CRYPTSP.dll
0x00007ffe5d1e0000 - 0x00007ffe5d214000 	C:\Windows\system32\rsaenh.dll
0x00007ffe5e1d0000 - 0x00007ffe5e1f7000 	C:\Windows\System32\bcrypt.dll
0x00007ffe5e0c0000 - 0x00007ffe5e0ee000 	C:\Windows\SYSTEM32\USERENV.dll
0x00007ffe5daa0000 - 0x00007ffe5daac000 	C:\Windows\SYSTEM32\CRYPTBASE.dll
0x00007ffe15940000 - 0x00007ffe15947000 	C:\Program Files\JetBrains\PyCharm 2021.3.2\jbr\bin\rmi.dll
0x00007ffe567f0000 - 0x00007ffe567fa000 	C:\Windows\System32\rasadhlp.dll
0x00007ffe54940000 - 0x00007ffe549c2000 	C:\Windows\System32\fwpuclnt.dll
0x00007ffe4d370000 - 0x00007ffe4d379000 	C:\Program Files\JetBrains\PyCharm 2021.3.2\jbr\bin\management.dll
0x00007ffe4c630000 - 0x00007ffe4c63b000 	C:\Program Files\JetBrains\PyCharm 2021.3.2\jbr\bin\management_ext.dll
0x00007ffe5faa0000 - 0x00007ffe5faa8000 	C:\Windows\System32\PSAPI.DLL
0x00007ffe586e0000 - 0x00007ffe586ee000 	C:\Program Files\JetBrains\PyCharm 2021.3.2\jbr\bin\sunmscapi.dll
0x00007ffe5e200000 - 0x00007ffe5e35e000 	C:\Windows\System32\CRYPT32.dll
0x00007ffe5dc80000 - 0x00007ffe5dca8000 	C:\Windows\SYSTEM32\ncrypt.dll
0x00007ffe5dc40000 - 0x00007ffe5dc7b000 	C:\Windows\SYSTEM32\NTASN1.dll

dbghelp: loaded successfully - version: 4.0.5 - missing functions: none
symbol engine: initialized successfully - sym options: 0x614 - pdb path: .;C:\Program Files\JetBrains\PyCharm 2021.3.2\jbr\bin;C:\Windows\SYSTEM32;C:\Program Files\AVG\Antivirus;C:\Windows\WinSxS\amd64_microsoft.windows.common-controls_6595b64144ccf1df_6.0.19041.1110_none_60b5254171f9507e;C:\Program Files\JetBrains\PyCharm 2021.3.2\jbr\bin\server

VM Arguments:
jvm_args: -Djava.rmi.server.hostname=127.0.0.1 -Duser.timezone=UTC -Xmx2048m -Xms256m -Djna.boot.library.path=C:\Program Files\JetBrains\PyCharm 2021.3.2/lib/jna/amd64 -Djna.nosys=true -Djna.noclasspath=true -Djdbc.classpath=C:\Program Files\JetBrains\PyCharm 2021.3.2\plugins\DatabaseTools\lib\jdbc-console.jar;C:\Users\Vladimir\AppData\Roaming\JetBrains\PyCharm2023.2\jdbc-drivers\PostgreSQL\42.6.0\org\postgresql\postgresql\42.6.0\postgresql-42.6.0.jar;C:\Users\Vladimir\AppData\Roaming\JetBrains\PyCharm2023.2\jdbc-drivers\PostgreSQL\42.6.0\org\checkerframework\checker-qual\3.31.0\checker-qual-3.31.0.jar;C:\Users\Vladimir\AppData\Roaming\JetBrains\PyCharm2023.2\jdbc-drivers\PostgreSQL\42.6.0\com\github\waffle\waffle-jna\1.9.1\waffle-jna-1.9.1.jar;C:\Users\Vladimir\AppData\Roaming\JetBrains\PyCharm2023.2\jdbc-drivers\PostgreSQL\42.6.0\net\java\dev\jna\jna\4.5.1\jna-4.5.1.jar;C:\Users\Vladimir\AppData\Roaming\JetBrains\PyCharm2023.2\jdbc-drivers\PostgreSQL\42.6.0\net\java\dev\jna\jna-platform\4.5.1\jna-platform-4.5.1.jar;C:\Users\Vladimir\AppData\Roaming\JetBrains\PyCharm2023.2\jdbc-drivers\PostgreSQL\42.6.0\org\slf4j\jcl-over-slf4j\1.7.25\jcl-over-slf4j-1.7.25.jar;C:\Users\Vladimir\AppData\Roaming\JetBrains\PyCharm2023.2\jdbc-drivers\PostgreSQL\42.6.0\org\slf4j\slf4j-api\1.7.25\slf4j-api-1.7.25.jar;C:\Users\Vladimir\AppData\Roaming\JetBrains\PyCharm2023.2\jdbc-drivers\PostgreSQL\42.6.0\com\github\ben-manes\caffeine\caffeine\2.6.2\caffeine-2.6.2.jar --add-exports=java.desktop/sun.awt=ALL-UNNAMED --add-exports=java.desktop/java.awt.peer=ALL-UNNAMED --add-opens=java.desktop/java.awt=ALL-UNNAMED --add-opens=jdk.unsupported/sun.misc=ALL-UNNAMED --add-opens=java.base/java.nio=ALL-UNNAMED --add-opens=java.base/java.util=ALL-UNNAMED -Dfile.encoding=UTF-8 
java_command: com.intellij.database.remote.RemoteJdbcServer org.postgresql.Driver
java_class_path (initial): C:\Program Files\JetBrains\PyCharm 2021.3.2\lib\util_rt.jar;C:\Program Files\JetBrains\PyCharm 2021.3.2\lib\util-8.jar;C:\Program Files\JetBrains\PyCharm 2021.3.2\lib\groovy.jar;C:\Program Files\JetBrains\PyCharm 2021.3.2\plugins\DatabaseTools\lib\jdbc-console.jar;C:\Program Files\JetBrains\PyCharm 2021.3.2\plugins\grid-core-impl\lib\jdbc-console-types.jar;C:\Program Files\JetBrains\PyCharm 2021.3.2\lib\util.jar;C:\Program Files\JetBrains\PyCharm 2021.3.2\lib\bouncy-castle.jar
Launcher Type: SUN_STANDARD

[Global flags]
     intx CICompilerCount                          = 4                                         {product} {ergonomic}
     uint ConcGCThreads                            = 3                                         {product} {ergonomic}
     uint G1ConcRefinementThreads                  = 10                                        {product} {ergonomic}
   size_t G1HeapRegionSize                         = 1048576                                   {product} {ergonomic}
    uintx GCDrainStackTargetSize                   = 64                                        {product} {ergonomic}
   size_t InitialHeapSize                          = 268435456                                 {product} {command line}
   size_t MarkStackSize                            = 4194304                                   {product} {ergonomic}
   size_t MaxHeapSize                              = 2147483648                                {product} {command line}
   size_t MaxNewSize                               = 1287651328                                {product} {ergonomic}
   size_t MinHeapDeltaBytes                        = 1048576                                   {product} {ergonomic}
   size_t MinHeapSize                              = 268435456                                 {product} {command line}
    uintx NonNMethodCodeHeapSize                   = 5839372                                {pd product} {ergonomic}
    uintx NonProfiledCodeHeapSize                  = 122909434                              {pd product} {ergonomic}
    uintx ProfiledCodeHeapSize                     = 122909434                              {pd product} {ergonomic}
    uintx ReservedCodeCacheSize                    = 251658240                              {pd product} {ergonomic}
     bool SegmentedCodeCache                       = true                                      {product} {ergonomic}
   size_t SoftMaxHeapSize                          = 2147483648                             {manageable} {ergonomic}
     bool UseCompressedClassPointers               = true                           {product lp64_product} {ergonomic}
     bool UseCompressedOops                        = true                           {product lp64_product} {ergonomic}
     bool UseG1GC                                  = true                                      {product} {ergonomic}
     bool UseLargePagesIndividualAllocation        = false                                  {pd product} {ergonomic}

Logging:
Log output configuration:
 #0: stdout all=warning uptime,level,tags
 #1: stderr all=off uptime,level,tags

Environment Variables:
PATH=C:\Program Files (x86)\Common Files\Intel\Shared Libraries\redist\intel64_win\compiler;C:\ProgramData\Oracle\Java\javapath;C:\Program Files\Python39\Scripts\;C:\Program Files\Python39\;C:\Program Files\Common Files\Oracle\Java\javapath;C:\Windows\system32;C:\Windows;C:\Windows\System32\Wbem;C:\Windows\System32\WindowsPowerShell\v1.0\;C:\Windows\System32\OpenSSH\;C:\Program Files (x86)\NVIDIA Corporation\PhysX\Common;C:\Program Files\NVIDIA Corporation\NVIDIA NvDLISR;C:\Program Files\Microsoft VS Code\bin;C:\Program Files\nodejs\;C:\Program Files\Git\cmd;C:\Program Files\Git\mingw64\bin;C:\Program Files\Git\usr\bin;C:\Program Files\Microsoft SQL Server\Client SDK\ODBC\110\Tools\Binn\;C:\Program Files (x86)\Microsoft SQL Server\120\Tools\Binn\;C:\Program Files\Microsoft SQL Server\120\Tools\Binn\;C:\Program Files\Microsoft SQL Server\120\DTS\Binn\;C:\Program Files\dotnet\;C:\Program Files (x86)\IDEMIA\AWP\Dlls;C:\Program Files\IDEMIA\AWP\Dlls;D:\D\PuTTy\;C:\Program Files (x86)\Flash Magic;C:\Program Files\Docker\Docker\resources\bin;C:\Users\Vladimir\.cargo\bin;C:\Python39\Scripts\;C:\Python39\;C:\Python_1\Scripts\;C:\Python_1\;C:\Scripts\;C:\;C:\Users\Vladimir\AppData\Local\Microsoft\WindowsApps;C:\Users\Vladimir\AppData\Roaming\npm;C:\Users\Vladimir\.dotnet\tools;C:\Users\Vladimir\AppData\Local\GitHubDesktop\bin
USERNAME=Vladimir
OS=Windows_NT
PROCESSOR_IDENTIFIER=Intel64 Family 6 Model 165 Stepping 2, GenuineIntel
TMP=C:\Users\Vladimir\AppData\Local\Temp
TEMP=C:\Users\Vladimir\AppData\Local\Temp


JNI global refs:
JNI global refs: 19, weak refs: 0

JNI global refs memory usage: 843, weak refs: 841

OOME stack traces (most recent first):
Classloader memory used:
Loader bootstrap                                                                       : 1906K
Loader jdk.internal.loader.ClassLoaders$AppClassLoader                                 : 245K
Loader com.intellij.database.remote.jdbc.impl.JdbcClassLoader$JdbcClassLoaderImpl      : 198K
Loader jdk.internal.loader.ClassLoaders$PlatformClassLoader                            : 45955B
Loader jdk.internal.reflect.DelegatingClassLoader                                      : 17883B


---------------  S Y S T E M  ---------------

OS:
 Windows 10 , 64 bit Build 19041 (10.0.19041.3155)
OS uptime: 0 days 21:45 hours
Hyper-V role detected

CPU: total 12 (initial active 12) (6 cores per cpu, 2 threads per core) family 6 model 165 stepping 2 microcode 0xc8, cx8, cmov, fxsr, ht, mmx, 3dnowpref, sse, sse2, sse3, ssse3, sse4.1, sse4.2, popcnt, lzcnt, tsc, tscinvbit, avx, avx2, aes, erms, clmul, bmi1, bmi2, adx, fma, vzeroupper, clflush, clflushopt, hv

Memory: 4k page, system-wide physical 24392M (8393M free)
TotalPageFile size 26440M (AvailPageFile size 8M)
current process WorkingSet (physical memory assigned to process): 119M, peak: 125M
current process commit charge ("private bytes"): 392M, peak: 400M

vm_info: OpenJDK 64-Bit Server VM (17.0.7+7-b1000.6) for windows-amd64 JRE (17.0.7+7-b1000.6), built on 2023-07-07 by "builduser" with MS VC++ 16.10 / 16.11 (VS2019)

END.
